<?xml version="1.0" encoding="UTF-8"?>
<!-- Generated by org.testng.reporters.JUnitReportReporter -->
<testsuite hostname="Abhigyas-MacBook-Pro.local" failures="0" tests="2" name="com.w2a.SeleniumMasterframework.testcases.SauceLabsLoginTest" time="5.531" errors="0" timestamp="30 Aug 2025 01:36:35 GMT" skipped="0">
  <testcase classname="com.w2a.SeleniumMasterframework.testcases.SauceLabsLoginTest" name="verifyLoginWithInValidCredentials" time="2.672"/>
  <testcase classname="com.w2a.SeleniumMasterframework.testcases.SauceLabsLoginTest" name="verifyLoginWithValidCredentials" time="2.859"/>
</testsuite> <!-- com.w2a.SeleniumMasterframework.testcases.SauceLabsLoginTest -->
