<?xml version="1.0" encoding="UTF-8"?>
<!-- Generated by org.testng.reporters.JUnitReportReporter -->
<testsuite hostname="Abhigyas-MacBook-Pro.local" failures="0" tests="1" name="com.w2a.SeleniumMasterframework.testcases.PlaceOrderTest" time="8.336" errors="0" timestamp="30 Aug 2025 01:36:35 GMT" skipped="0">
  <testcase classname="com.w2a.SeleniumMasterframework.testcases.PlaceOrderTest" name="verifyPlaceOrder" time="8.336"/>
</testsuite> <!-- com.w2a.SeleniumMasterframework.testcases.PlaceOrderTest -->
