<?xml version="1.0" encoding="UTF-8"?>
<!-- Generated by org.testng.reporters.JUnitReportReporter -->
<testsuite hostname="Abhigyas-MacBook-Pro.local" failures="0" tests="1" name="com.w2a.SeleniumMasterframework.testcases.PlaceOrderTest" time="12.402" errors="0" timestamp="2025-08-30T07:16:02 IST" skipped="0">
  <testcase classname="com.w2a.SeleniumMasterframework.testcases.PlaceOrderTest" name="verifyPlaceOrder" time="12.402"/>
</testsuite> <!-- com.w2a.SeleniumMasterframework.testcases.PlaceOrderTest -->
