<?xml version="1.0" encoding="UTF-8"?>
<!-- Generated by org.testng.reporters.JUnitReportReporter -->
<testsuite hostname="Abhigyas-MacBook-Pro.local" failures="0" tests="2" name="com.w2a.SeleniumMasterframework.testcases.SauceLabsLoginTest" time="5.608" errors="0" timestamp="2025-08-30T07:16:02 IST" skipped="0">
  <testcase classname="com.w2a.SeleniumMasterframework.testcases.SauceLabsLoginTest" name="verifyLoginWithValidCredentials" time="2.780"/>
  <testcase classname="com.w2a.SeleniumMasterframework.testcases.SauceLabsLoginTest" name="verifyLoginWithInValidCredentials" time="2.828"/>
</testsuite> <!-- com.w2a.SeleniumMasterframework.testcases.SauceLabsLoginTest -->
